stack[0064FEF4] stk from ######## (-1)
          called from stack.cpp (133) StackPop
{
size     = 8 (MX_STK = 100)
capacity = 20
ERRORS: 
data[00C41C38]
	{
		*[0] = 22848
		*[1] = 22848
		*[2] = 22848
		*[3] = 22848
		*[4] = 22848
		*[5] = 22848
		*[6] = 22848
		*[7] = 22848
		 [8] = 22848 
		 [9] = 13634846 (POISON)
		 [10] = 1610612832 
		 [11] = 997 
		 [12] = 12858704 
		 [13] = 12850640 
		 [14] = 977485153 
		 [15] = 1869762652 
		 [16] = 1835102823 
		 [17] = 1635017028 
		 [18] = 1869762560 
		 [19] = 1835102823 
	}
}
